{"D:\\NodeJS-Course-2-main\\blog\\src\\app.js": {"path":"D:\\NodeJS-Course-2-main\\blog\\src\\app.js","statementMap":{"0":{"start":{"line":18,"column":14},"end":{"line":18,"column":23}},"1":{"start":{"line":20,"column":2},"end":{"line":20,"column":52}},"2":{"start":{"line":21,"column":2},"end":{"line":21,"column":31}},"3":{"start":{"line":23,"column":2},"end":{"line":23,"column":35}},"4":{"start":{"line":24,"column":2},"end":{"line":24,"column":52}},"5":{"start":{"line":25,"column":2},"end":{"line":25,"column":25}},"6":{"start":{"line":26,"column":2},"end":{"line":26,"column":25}},"7":{"start":{"line":28,"column":21},"end":{"line":28,"column":42}},"8":{"start":{"line":30,"column":16},"end":{"line":30,"column":55}},"9":{"start":{"line":32,"column":28},"end":{"line":37,"column":4}},"10":{"start":{"line":39,"column":2},"end":{"line":39,"column":28}},"11":{"start":{"line":41,"column":2},"end":{"line":41,"column":15}},"12":{"start":{"line":43,"column":2},"end":{"line":43,"column":32}},"13":{"start":{"line":45,"column":2},"end":{"line":45,"column":39}},"14":{"start":{"line":47,"column":2},"end":{"line":47,"column":17}},"15":{"start":{"line":49,"column":2},"end":{"line":49,"column":23}},"16":{"start":{"line":51,"column":17},"end":{"line":51,"column":39}},"17":{"start":{"line":53,"column":13},"end":{"line":53,"column":40}},"18":{"start":{"line":55,"column":2},"end":{"line":57,"column":4}},"19":{"start":{"line":56,"column":4},"end":{"line":56,"column":47}},"20":{"start":{"line":59,"column":2},"end":{"line":61,"column":4}},"21":{"start":{"line":60,"column":4},"end":{"line":60,"column":34}},"22":{"start":{"line":63,"column":2},"end":{"line":63,"column":52}},"23":{"start":{"line":63,"column":32},"end":{"line":63,"column":51}},"24":{"start":{"line":65,"column":2},"end":{"line":65,"column":15}}},"fnMap":{"0":{"name":"bootstrap","decl":{"start":{"line":17,"column":22},"end":{"line":17,"column":31}},"loc":{"start":{"line":17,"column":35},"end":{"line":66,"column":1}},"line":17},"1":{"name":"(anonymous_1)","decl":{"start":{"line":55,"column":9},"end":{"line":55,"column":10}},"loc":{"start":{"line":55,"column":27},"end":{"line":57,"column":3}},"line":55},"2":{"name":"(anonymous_2)","decl":{"start":{"line":59,"column":9},"end":{"line":59,"column":10}},"loc":{"start":{"line":59,"column":27},"end":{"line":61,"column":3}},"line":59},"3":{"name":"(anonymous_3)","decl":{"start":{"line":63,"column":22},"end":{"line":63,"column":23}},"loc":{"start":{"line":63,"column":32},"end":{"line":63,"column":51}},"line":63}},"branchMap":{},"s":{"0":1,"1":1,"2":1,"3":1,"4":1,"5":1,"6":1,"7":1,"8":1,"9":1,"10":1,"11":1,"12":1,"13":1,"14":1,"15":1,"16":1,"17":1,"18":1,"19":0,"20":1,"21":0,"22":1,"23":0,"24":1},"f":{"0":1,"1":0,"2":0,"3":0},"b":{},"_coverageSchema":"1a1c01bbd47fc00a2c39e90264f33305004495a9","hash":"3008c4aa819b21ec72258682aeefcf1ad442caf9"}
,"D:\\NodeJS-Course-2-main\\blog\\src\\chat.js": {"path":"D:\\NodeJS-Course-2-main\\blog\\src\\chat.js","statementMap":{"0":{"start":{"line":4,"column":12},"end":{"line":4,"column":21}},"1":{"start":{"line":7,"column":2},"end":{"line":7,"column":35}},"2":{"start":{"line":9,"column":19},"end":{"line":9,"column":33}},"3":{"start":{"line":11,"column":2},"end":{"line":11,"column":41}},"4":{"start":{"line":13,"column":2},"end":{"line":13,"column":10}},"5":{"start":{"line":15,"column":2},"end":{"line":15,"column":18}},"6":{"start":{"line":17,"column":2},"end":{"line":17,"column":37}},"7":{"start":{"line":19,"column":2},"end":{"line":28,"column":4}},"8":{"start":{"line":20,"column":4},"end":{"line":20,"column":21}},"9":{"start":{"line":22,"column":20},"end":{"line":22,"column":37}},"10":{"start":{"line":23,"column":4},"end":{"line":23,"column":24}},"11":{"start":{"line":25,"column":21},"end":{"line":25,"column":41}},"12":{"start":{"line":26,"column":4},"end":{"line":26,"column":48}},"13":{"start":{"line":27,"column":4},"end":{"line":27,"column":35}},"14":{"start":{"line":30,"column":2},"end":{"line":41,"column":4}},"15":{"start":{"line":31,"column":4},"end":{"line":31,"column":21}},"16":{"start":{"line":33,"column":20},"end":{"line":33,"column":40}},"17":{"start":{"line":34,"column":4},"end":{"line":34,"column":24}},"18":{"start":{"line":40,"column":4},"end":{"line":40,"column":35}},"19":{"start":{"line":44,"column":2},"end":{"line":47,"column":4}},"20":{"start":{"line":45,"column":4},"end":{"line":45,"column":42}},"21":{"start":{"line":46,"column":4},"end":{"line":46,"column":14}},"22":{"start":{"line":50,"column":4},"end":{"line":50,"column":31}},"23":{"start":{"line":54,"column":4},"end":{"line":54,"column":22}},"24":{"start":{"line":58,"column":4},"end":{"line":58,"column":23}}},"fnMap":{"0":{"name":"(anonymous_0)","decl":{"start":{"line":6,"column":15},"end":{"line":6,"column":16}},"loc":{"start":{"line":6,"column":31},"end":{"line":60,"column":1}},"line":6},"1":{"name":"(anonymous_1)","decl":{"start":{"line":19,"column":23},"end":{"line":19,"column":24}},"loc":{"start":{"line":19,"column":37},"end":{"line":28,"column":3}},"line":19},"2":{"name":"(anonymous_2)","decl":{"start":{"line":30,"column":28},"end":{"line":30,"column":29}},"loc":{"start":{"line":30,"column":42},"end":{"line":41,"column":3}},"line":30},"3":{"name":"(anonymous_3)","decl":{"start":{"line":44,"column":26},"end":{"line":44,"column":27}},"loc":{"start":{"line":44,"column":32},"end":{"line":47,"column":3}},"line":44},"4":{"name":"saveId","decl":{"start":{"line":49,"column":11},"end":{"line":49,"column":17}},"loc":{"start":{"line":49,"column":21},"end":{"line":51,"column":3}},"line":49},"5":{"name":"getSocketId","decl":{"start":{"line":53,"column":11},"end":{"line":53,"column":22}},"loc":{"start":{"line":53,"column":28},"end":{"line":55,"column":3}},"line":53},"6":{"name":"removeId","decl":{"start":{"line":57,"column":11},"end":{"line":57,"column":19}},"loc":{"start":{"line":57,"column":23},"end":{"line":59,"column":3}},"line":57}},"branchMap":{},"s":{"0":1,"1":0,"2":0,"3":0,"4":0,"5":0,"6":0,"7":0,"8":0,"9":0,"10":0,"11":0,"12":0,"13":0,"14":0,"15":0,"16":0,"17":0,"18":0,"19":0,"20":0,"21":0,"22":0,"23":0,"24":0},"f":{"0":0,"1":0,"2":0,"3":0,"4":0,"5":0,"6":0},"b":{},"_coverageSchema":"1a1c01bbd47fc00a2c39e90264f33305004495a9","hash":"3cd88447d9f812b3ef12008fea85466472041de3"}
,"D:\\NodeJS-Course-2-main\\blog\\src\\config\\database.js": {"path":"D:\\NodeJS-Course-2-main\\blog\\src\\config\\database.js","statementMap":{"0":{"start":{"line":5,"column":25},"end":{"line":15,"column":1}},"1":{"start":{"line":18,"column":2},"end":{"line":18,"column":43}},"2":{"start":{"line":22,"column":29},"end":{"line":22,"column":30}},"3":{"start":{"line":25,"column":4},"end":{"line":25,"column":37}},"4":{"start":{"line":29,"column":4},"end":{"line":29,"column":16}},"5":{"start":{"line":35,"column":8},"end":{"line":35,"column":15}},"6":{"start":{"line":37,"column":43},"end":{"line":42,"column":6}},"7":{"start":{"line":44,"column":18},"end":{"line":44,"column":43}},"8":{"start":{"line":46,"column":4},"end":{"line":57,"column":5}},"9":{"start":{"line":61,"column":4},"end":{"line":61,"column":25}}},"fnMap":{"0":{"name":"logQueries","decl":{"start":{"line":17,"column":9},"end":{"line":17,"column":19}},"loc":{"start":{"line":17,"column":28},"end":{"line":19,"column":1}},"line":17},"1":{"name":"(anonymous_1)","decl":{"start":{"line":24,"column":2},"end":{"line":24,"column":3}},"loc":{"start":{"line":24,"column":28},"end":{"line":26,"column":3}},"line":24},"2":{"name":"(anonymous_2)","decl":{"start":{"line":28,"column":2},"end":{"line":28,"column":3}},"loc":{"start":{"line":28,"column":53},"end":{"line":58,"column":3}},"line":28},"3":{"name":"(anonymous_3)","decl":{"start":{"line":60,"column":2},"end":{"line":60,"column":3}},"loc":{"start":{"line":60,"column":12},"end":{"line":62,"column":3}},"line":60}},"branchMap":{"0":{"loc":{"start":{"line":13,"column":13},"end":{"line":13,"column":72}},"type":"cond-expr","locations":[{"start":{"line":13,"column":54},"end":{"line":13,"column":64}},{"start":{"line":13,"column":67},"end":{"line":13,"column":72}}],"line":13},"1":{"loc":{"start":{"line":28,"column":29},"end":{"line":28,"column":37}},"type":"default-arg","locations":[{"start":{"line":28,"column":36},"end":{"line":28,"column":37}}],"line":28},"2":{"loc":{"start":{"line":28,"column":39},"end":{"line":28,"column":51}},"type":"default-arg","locations":[{"start":{"line":28,"column":49},"end":{"line":28,"column":51}}],"line":28},"3":{"loc":{"start":{"line":32,"column":6},"end":{"line":32,"column":36}},"type":"default-arg","locations":[{"start":{"line":32,"column":14},"end":{"line":32,"column":36}}],"line":32},"4":{"loc":{"start":{"line":33,"column":6},"end":{"line":33,"column":33}},"type":"default-arg","locations":[{"start":{"line":33,"column":15},"end":{"line":33,"column":33}}],"line":33},"5":{"loc":{"start":{"line":55,"column":16},"end":{"line":55,"column":32}},"type":"binary-expr","locations":[{"start":{"line":55,"column":16},"end":{"line":55,"column":24}},{"start":{"line":55,"column":28},"end":{"line":55,"column":32}}],"line":55},"6":{"loc":{"start":{"line":56,"column":16},"end":{"line":56,"column":46}},"type":"cond-expr","locations":[{"start":{"line":56,"column":31},"end":{"line":56,"column":39}},{"start":{"line":56,"column":42},"end":{"line":56,"column":46}}],"line":56}},"s":{"0":1,"1":0,"2":1,"3":0,"4":0,"5":0,"6":0,"7":0,"8":0,"9":0},"f":{"0":0,"1":0,"2":0,"3":0},"b":{"0":[0,1],"1":[0],"2":[0],"3":[0],"4":[0],"5":[0,0],"6":[0,0]},"_coverageSchema":"1a1c01bbd47fc00a2c39e90264f33305004495a9","hash":"018c7fb3393f2ece95df1f33c772d0cb6210b162"}
,"D:\\NodeJS-Course-2-main\\blog\\src\\config\\loadTestEnv.js": {"path":"D:\\NodeJS-Course-2-main\\blog\\src\\config\\loadTestEnv.js","statementMap":{"0":{"start":{"line":3,"column":0},"end":{"line":3,"column":36}}},"fnMap":{},"branchMap":{},"s":{"0":1},"f":{},"b":{},"_coverageSchema":"1a1c01bbd47fc00a2c39e90264f33305004495a9","hash":"1753636a89e57943faafa91412fd0c8fa12fff10"}
,"D:\\NodeJS-Course-2-main\\blog\\src\\config\\redis.js": {"path":"D:\\NodeJS-Course-2-main\\blog\\src\\config\\redis.js","statementMap":{"0":{"start":{"line":3,"column":27},"end":{"line":7,"column":2}}},"fnMap":{},"branchMap":{},"s":{"0":1},"f":{},"b":{},"_coverageSchema":"1a1c01bbd47fc00a2c39e90264f33305004495a9","hash":"04f4341fddb9ad4980142df07adc9f3a205b47f7"}
,"D:\\NodeJS-Course-2-main\\blog\\src\\config\\roles.js": {"path":"D:\\NodeJS-Course-2-main\\blog\\src\\config\\roles.js","statementMap":{"0":{"start":{"line":1,"column":30},"end":{"line":6,"column":1}}},"fnMap":{},"branchMap":{},"s":{"0":1},"f":{},"b":{},"_coverageSchema":"1a1c01bbd47fc00a2c39e90264f33305004495a9","hash":"3f444493609f9f560cba047a73aad07d99211b94"}
,"D:\\NodeJS-Course-2-main\\blog\\src\\controllers\\apiAuth.js": {"path":"D:\\NodeJS-Course-2-main\\blog\\src\\controllers\\apiAuth.js","statementMap":{"0":{"start":{"line":8,"column":35},"end":{"line":8,"column":43}},"1":{"start":{"line":10,"column":17},"end":{"line":12,"column":6}},"2":{"start":{"line":14,"column":4},"end":{"line":16,"column":5}},"3":{"start":{"line":15,"column":6},"end":{"line":15,"column":51}},"4":{"start":{"line":18,"column":4},"end":{"line":20,"column":5}},"5":{"start":{"line":19,"column":6},"end":{"line":19,"column":51}},"6":{"start":{"line":22,"column":18},"end":{"line":28,"column":5}},"7":{"start":{"line":30,"column":4},"end":{"line":34,"column":6}},"8":{"start":{"line":38,"column":4},"end":{"line":38,"column":22}}},"fnMap":{"0":{"name":"(anonymous_0)","decl":{"start":{"line":7,"column":2},"end":{"line":7,"column":3}},"loc":{"start":{"line":7,"column":25},"end":{"line":35,"column":3}},"line":7},"1":{"name":"(anonymous_1)","decl":{"start":{"line":37,"column":2},"end":{"line":37,"column":3}},"loc":{"start":{"line":37,"column":18},"end":{"line":39,"column":3}},"line":37}},"branchMap":{"0":{"loc":{"start":{"line":14,"column":4},"end":{"line":16,"column":5}},"type":"if","locations":[{"start":{"line":14,"column":4},"end":{"line":16,"column":5}},{"start":{},"end":{}}],"line":14},"1":{"loc":{"start":{"line":18,"column":4},"end":{"line":20,"column":5}},"type":"if","locations":[{"start":{"line":18,"column":4},"end":{"line":20,"column":5}},{"start":{},"end":{}}],"line":18}},"s":{"0":1,"1":1,"2":1,"3":0,"4":1,"5":0,"6":1,"7":1,"8":0},"f":{"0":1,"1":0},"b":{"0":[0,1],"1":[0,1]},"_coverageSchema":"1a1c01bbd47fc00a2c39e90264f33305004495a9","hash":"5387ca19355ec03dc078e7aaf707a70790ac1ee9"}
,"D:\\NodeJS-Course-2-main\\blog\\src\\controllers\\article.js": {"path":"D:\\NodeJS-Course-2-main\\blog\\src\\controllers\\article.js","statementMap":{"0":{"start":{"line":10,"column":21},"end":{"line":10,"column":75}},"1":{"start":{"line":12,"column":8},"end":{"line":16,"column":10}},"2":{"start":{"line":20,"column":21},"end":{"line":20,"column":31}},"3":{"start":{"line":22,"column":24},"end":{"line":22,"column":47}},"4":{"start":{"line":24,"column":8},"end":{"line":26,"column":9}},"5":{"start":{"line":25,"column":12},"end":{"line":25,"column":56}},"6":{"start":{"line":28,"column":24},"end":{"line":28,"column":107}},"7":{"start":{"line":30,"column":8},"end":{"line":35,"column":10}},"8":{"start":{"line":39,"column":23},"end":{"line":39,"column":31}},"9":{"start":{"line":40,"column":28},"end":{"line":40,"column":36}},"10":{"start":{"line":41,"column":8},"end":{"line":41,"column":40}},"11":{"start":{"line":43,"column":24},"end":{"line":43,"column":65}},"12":{"start":{"line":45,"column":8},"end":{"line":45,"column":28}},"13":{"start":{"line":47,"column":8},"end":{"line":50,"column":10}},"14":{"start":{"line":52,"column":8},"end":{"line":52,"column":46}},"15":{"start":{"line":56,"column":28},"end":{"line":56,"column":38}},"16":{"start":{"line":58,"column":8},"end":{"line":61,"column":10}}},"fnMap":{"0":{"name":"(anonymous_0)","decl":{"start":{"line":9,"column":4},"end":{"line":9,"column":5}},"loc":{"start":{"line":9,"column":25},"end":{"line":17,"column":5}},"line":9},"1":{"name":"(anonymous_1)","decl":{"start":{"line":19,"column":4},"end":{"line":19,"column":5}},"loc":{"start":{"line":19,"column":24},"end":{"line":36,"column":5}},"line":19},"2":{"name":"(anonymous_2)","decl":{"start":{"line":38,"column":4},"end":{"line":38,"column":5}},"loc":{"start":{"line":38,"column":34},"end":{"line":53,"column":5}},"line":38},"3":{"name":"(anonymous_3)","decl":{"start":{"line":55,"column":4},"end":{"line":55,"column":5}},"loc":{"start":{"line":55,"column":25},"end":{"line":62,"column":5}},"line":55}},"branchMap":{"0":{"loc":{"start":{"line":24,"column":8},"end":{"line":26,"column":9}},"type":"if","locations":[{"start":{"line":24,"column":8},"end":{"line":26,"column":9}},{"start":{},"end":{}}],"line":24}},"s":{"0":0,"1":0,"2":0,"3":0,"4":0,"5":0,"6":0,"7":0,"8":0,"9":0,"10":0,"11":0,"12":0,"13":0,"14":0,"15":0,"16":0},"f":{"0":0,"1":0,"2":0,"3":0},"b":{"0":[0,0]},"_coverageSchema":"1a1c01bbd47fc00a2c39e90264f33305004495a9","hash":"340b4b2ac3ce3c7919425ff44470468090fd131a"}
,"D:\\NodeJS-Course-2-main\\blog\\src\\controllers\\auth.js": {"path":"D:\\NodeJS-Course-2-main\\blog\\src\\controllers\\auth.js","statementMap":{"0":{"start":{"line":8,"column":4},"end":{"line":10,"column":5}},"1":{"start":{"line":9,"column":6},"end":{"line":9,"column":23}},"2":{"start":{"line":12,"column":4},"end":{"line":14,"column":6}},"3":{"start":{"line":18,"column":4},"end":{"line":20,"column":5}},"4":{"start":{"line":19,"column":6},"end":{"line":19,"column":23}},"5":{"start":{"line":22,"column":35},"end":{"line":22,"column":43}},"6":{"start":{"line":24,"column":4},"end":{"line":26,"column":5}},"7":{"start":{"line":25,"column":6},"end":{"line":25,"column":69}},"8":{"start":{"line":28,"column":17},"end":{"line":30,"column":6}},"9":{"start":{"line":32,"column":4},"end":{"line":34,"column":5}},"10":{"start":{"line":33,"column":6},"end":{"line":33,"column":51}},"11":{"start":{"line":36,"column":4},"end":{"line":38,"column":5}},"12":{"start":{"line":37,"column":6},"end":{"line":37,"column":51}},"13":{"start":{"line":40,"column":4},"end":{"line":40,"column":42}},"14":{"start":{"line":42,"column":4},"end":{"line":42,"column":27}},"15":{"start":{"line":44,"column":4},"end":{"line":44,"column":54}},"16":{"start":{"line":46,"column":4},"end":{"line":46,"column":21}},"17":{"start":{"line":50,"column":4},"end":{"line":52,"column":5}},"18":{"start":{"line":51,"column":6},"end":{"line":51,"column":23}},"19":{"start":{"line":54,"column":4},"end":{"line":56,"column":6}},"20":{"start":{"line":60,"column":4},"end":{"line":62,"column":5}},"21":{"start":{"line":61,"column":6},"end":{"line":61,"column":23}},"22":{"start":{"line":64,"column":42},"end":{"line":64,"column":50}},"23":{"start":{"line":66,"column":4},"end":{"line":68,"column":5}},"24":{"start":{"line":67,"column":6},"end":{"line":67,"column":80}},"25":{"start":{"line":71,"column":4},"end":{"line":83,"column":5}},"26":{"start":{"line":72,"column":29},"end":{"line":72,"column":58}},"27":{"start":{"line":73,"column":6},"end":{"line":73,"column":77}},"28":{"start":{"line":75,"column":6},"end":{"line":75,"column":24}},"29":{"start":{"line":76,"column":6},"end":{"line":82,"column":7}},"30":{"start":{"line":77,"column":8},"end":{"line":81,"column":9}},"31":{"start":{"line":78,"column":10},"end":{"line":78,"column":60}},"32":{"start":{"line":79,"column":15},"end":{"line":81,"column":9}},"33":{"start":{"line":80,"column":10},"end":{"line":80,"column":57}},"34":{"start":{"line":85,"column":4},"end":{"line":85,"column":26}},"35":{"start":{"line":89,"column":4},"end":{"line":93,"column":6}},"36":{"start":{"line":90,"column":6},"end":{"line":92,"column":7}},"37":{"start":{"line":91,"column":8},"end":{"line":91,"column":41}}},"fnMap":{"0":{"name":"(anonymous_0)","decl":{"start":{"line":7,"column":2},"end":{"line":7,"column":3}},"loc":{"start":{"line":7,"column":23},"end":{"line":15,"column":3}},"line":7},"1":{"name":"(anonymous_1)","decl":{"start":{"line":17,"column":2},"end":{"line":17,"column":3}},"loc":{"start":{"line":17,"column":25},"end":{"line":47,"column":3}},"line":17},"2":{"name":"(anonymous_2)","decl":{"start":{"line":49,"column":2},"end":{"line":49,"column":3}},"loc":{"start":{"line":49,"column":26},"end":{"line":57,"column":3}},"line":49},"3":{"name":"(anonymous_3)","decl":{"start":{"line":59,"column":2},"end":{"line":59,"column":3}},"loc":{"start":{"line":59,"column":28},"end":{"line":86,"column":3}},"line":59},"4":{"name":"(anonymous_4)","decl":{"start":{"line":88,"column":2},"end":{"line":88,"column":3}},"loc":{"start":{"line":88,"column":20},"end":{"line":94,"column":3}},"line":88},"5":{"name":"(anonymous_5)","decl":{"start":{"line":89,"column":24},"end":{"line":89,"column":25}},"loc":{"start":{"line":89,"column":33},"end":{"line":93,"column":5}},"line":89}},"branchMap":{"0":{"loc":{"start":{"line":8,"column":4},"end":{"line":10,"column":5}},"type":"if","locations":[{"start":{"line":8,"column":4},"end":{"line":10,"column":5}},{"start":{},"end":{}}],"line":8},"1":{"loc":{"start":{"line":18,"column":4},"end":{"line":20,"column":5}},"type":"if","locations":[{"start":{"line":18,"column":4},"end":{"line":20,"column":5}},{"start":{},"end":{}}],"line":18},"2":{"loc":{"start":{"line":24,"column":4},"end":{"line":26,"column":5}},"type":"if","locations":[{"start":{"line":24,"column":4},"end":{"line":26,"column":5}},{"start":{},"end":{}}],"line":24},"3":{"loc":{"start":{"line":24,"column":8},"end":{"line":24,"column":30}},"type":"binary-expr","locations":[{"start":{"line":24,"column":8},"end":{"line":24,"column":17}},{"start":{"line":24,"column":21},"end":{"line":24,"column":30}}],"line":24},"4":{"loc":{"start":{"line":32,"column":4},"end":{"line":34,"column":5}},"type":"if","locations":[{"start":{"line":32,"column":4},"end":{"line":34,"column":5}},{"start":{},"end":{}}],"line":32},"5":{"loc":{"start":{"line":36,"column":4},"end":{"line":38,"column":5}},"type":"if","locations":[{"start":{"line":36,"column":4},"end":{"line":38,"column":5}},{"start":{},"end":{}}],"line":36},"6":{"loc":{"start":{"line":50,"column":4},"end":{"line":52,"column":5}},"type":"if","locations":[{"start":{"line":50,"column":4},"end":{"line":52,"column":5}},{"start":{},"end":{}}],"line":50},"7":{"loc":{"start":{"line":60,"column":4},"end":{"line":62,"column":5}},"type":"if","locations":[{"start":{"line":60,"column":4},"end":{"line":62,"column":5}},{"start":{},"end":{}}],"line":60},"8":{"loc":{"start":{"line":66,"column":4},"end":{"line":68,"column":5}},"type":"if","locations":[{"start":{"line":66,"column":4},"end":{"line":68,"column":5}},{"start":{},"end":{}}],"line":66},"9":{"loc":{"start":{"line":66,"column":8},"end":{"line":66,"column":40}},"type":"binary-expr","locations":[{"start":{"line":66,"column":8},"end":{"line":66,"column":17}},{"start":{"line":66,"column":21},"end":{"line":66,"column":27}},{"start":{"line":66,"column":31},"end":{"line":66,"column":40}}],"line":66},"10":{"loc":{"start":{"line":76,"column":6},"end":{"line":82,"column":7}},"type":"if","locations":[{"start":{"line":76,"column":6},"end":{"line":82,"column":7}},{"start":{},"end":{}}],"line":76},"11":{"loc":{"start":{"line":77,"column":8},"end":{"line":81,"column":9}},"type":"if","locations":[{"start":{"line":77,"column":8},"end":{"line":81,"column":9}},{"start":{"line":79,"column":15},"end":{"line":81,"column":9}}],"line":77},"12":{"loc":{"start":{"line":79,"column":15},"end":{"line":81,"column":9}},"type":"if","locations":[{"start":{"line":79,"column":15},"end":{"line":81,"column":9}},{"start":{},"end":{}}],"line":79},"13":{"loc":{"start":{"line":90,"column":6},"end":{"line":92,"column":7}},"type":"if","locations":[{"start":{"line":90,"column":6},"end":{"line":92,"column":7}},{"start":{},"end":{}}],"line":90}},"s":{"0":0,"1":0,"2":0,"3":0,"4":0,"5":0,"6":0,"7":0,"8":0,"9":0,"10":0,"11":0,"12":0,"13":0,"14":0,"15":0,"16":0,"17":0,"18":0,"19":0,"20":1,"21":0,"22":1,"23":1,"24":0,"25":1,"26":1,"27":1,"28":0,"29":0,"30":0,"31":0,"32":0,"33":0,"34":1,"35":0,"36":0,"37":0},"f":{"0":0,"1":0,"2":0,"3":1,"4":0,"5":0},"b":{"0":[0,0],"1":[0,0],"2":[0,0],"3":[0,0],"4":[0,0],"5":[0,0],"6":[0,0],"7":[0,1],"8":[0,1],"9":[1,1,1],"10":[0,0],"11":[0,0],"12":[0,0],"13":[0,0]},"_coverageSchema":"1a1c01bbd47fc00a2c39e90264f33305004495a9","hash":"8ec84430b8dffbf93f696aec142d81ca97eb36ea"}
,"D:\\NodeJS-Course-2-main\\blog\\src\\controllers\\file.js": {"path":"D:\\NodeJS-Course-2-main\\blog\\src\\controllers\\file.js","statementMap":{"0":{"start":{"line":3,"column":4},"end":{"line":3,"column":58}}},"fnMap":{"0":{"name":"(anonymous_0)","decl":{"start":{"line":2,"column":2},"end":{"line":2,"column":3}},"loc":{"start":{"line":2,"column":20},"end":{"line":4,"column":3}},"line":2}},"branchMap":{},"s":{"0":0},"f":{"0":0},"b":{},"_coverageSchema":"1a1c01bbd47fc00a2c39e90264f33305004495a9","hash":"dc0df48465b5a3ebe7efa20418f000c03f9c0b15"}
,"D:\\NodeJS-Course-2-main\\blog\\src\\controllers\\general.js": {"path":"D:\\NodeJS-Course-2-main\\blog\\src\\controllers\\general.js","statementMap":{"0":{"start":{"line":5,"column":19},"end":{"line":5,"column":79}},"1":{"start":{"line":7,"column":2},"end":{"line":12,"column":4}},"2":{"start":{"line":16,"column":2},"end":{"line":20,"column":4}},"3":{"start":{"line":24,"column":2},"end":{"line":28,"column":4}},"4":{"start":{"line":32,"column":2},"end":{"line":35,"column":4}},"5":{"start":{"line":39,"column":2},"end":{"line":42,"column":4}}},"fnMap":{"0":{"name":"home","decl":{"start":{"line":4,"column":22},"end":{"line":4,"column":26}},"loc":{"start":{"line":4,"column":38},"end":{"line":13,"column":1}},"line":4},"1":{"name":"about","decl":{"start":{"line":15,"column":16},"end":{"line":15,"column":21}},"loc":{"start":{"line":15,"column":33},"end":{"line":21,"column":1}},"line":15},"2":{"name":"contact","decl":{"start":{"line":23,"column":16},"end":{"line":23,"column":23}},"loc":{"start":{"line":23,"column":35},"end":{"line":29,"column":1}},"line":23},"3":{"name":"chat","decl":{"start":{"line":31,"column":16},"end":{"line":31,"column":20}},"loc":{"start":{"line":31,"column":32},"end":{"line":36,"column":1}},"line":31},"4":{"name":"groupChat","decl":{"start":{"line":38,"column":16},"end":{"line":38,"column":25}},"loc":{"start":{"line":38,"column":37},"end":{"line":43,"column":1}},"line":38}},"branchMap":{},"s":{"0":0,"1":0,"2":0,"3":0,"4":0,"5":0},"f":{"0":0,"1":0,"2":0,"3":0,"4":0},"b":{},"_coverageSchema":"1a1c01bbd47fc00a2c39e90264f33305004495a9","hash":"e647708360e096648298dc876d88ed93143c159f"}
,"D:\\NodeJS-Course-2-main\\blog\\src\\controllers\\groupMessage.js": {"path":"D:\\NodeJS-Course-2-main\\blog\\src\\controllers\\groupMessage.js","statementMap":{"0":{"start":{"line":6,"column":28},"end":{"line":6,"column":37}},"1":{"start":{"line":8,"column":22},"end":{"line":11,"column":9}},"2":{"start":{"line":13,"column":8},"end":{"line":15,"column":9}},"3":{"start":{"line":14,"column":12},"end":{"line":14,"column":52}},"4":{"start":{"line":17,"column":24},"end":{"line":17,"column":57}},"5":{"start":{"line":19,"column":8},"end":{"line":19,"column":25}}},"fnMap":{"0":{"name":"(anonymous_0)","decl":{"start":{"line":5,"column":4},"end":{"line":5,"column":5}},"loc":{"start":{"line":5,"column":25},"end":{"line":20,"column":5}},"line":5}},"branchMap":{"0":{"loc":{"start":{"line":13,"column":8},"end":{"line":15,"column":9}},"type":"if","locations":[{"start":{"line":13,"column":8},"end":{"line":15,"column":9}},{"start":{},"end":{}}],"line":13}},"s":{"0":0,"1":0,"2":0,"3":0,"4":0,"5":0},"f":{"0":0},"b":{"0":[0,0]},"_coverageSchema":"1a1c01bbd47fc00a2c39e90264f33305004495a9","hash":"f4fa62ff7cc79ef87e17dde90a5781f0050a2833"}
,"D:\\NodeJS-Course-2-main\\blog\\src\\controllers\\message.js": {"path":"D:\\NodeJS-Course-2-main\\blog\\src\\controllers\\message.js","statementMap":{"0":{"start":{"line":6,"column":21},"end":{"line":6,"column":24}},"1":{"start":{"line":7,"column":40},"end":{"line":7,"column":49}},"2":{"start":{"line":9,"column":16},"end":{"line":9,"column":39}},"3":{"start":{"line":11,"column":18},"end":{"line":15,"column":5}},"4":{"start":{"line":17,"column":4},"end":{"line":19,"column":5}},"5":{"start":{"line":18,"column":6},"end":{"line":18,"column":45}},"6":{"start":{"line":21,"column":20},"end":{"line":21,"column":48}},"7":{"start":{"line":23,"column":4},"end":{"line":23,"column":21}}},"fnMap":{"0":{"name":"(anonymous_0)","decl":{"start":{"line":5,"column":2},"end":{"line":5,"column":3}},"loc":{"start":{"line":5,"column":24},"end":{"line":24,"column":3}},"line":5}},"branchMap":{"0":{"loc":{"start":{"line":17,"column":4},"end":{"line":19,"column":5}},"type":"if","locations":[{"start":{"line":17,"column":4},"end":{"line":19,"column":5}},{"start":{},"end":{}}],"line":17}},"s":{"0":0,"1":0,"2":0,"3":0,"4":0,"5":0,"6":0,"7":0},"f":{"0":0},"b":{"0":[0,0]},"_coverageSchema":"1a1c01bbd47fc00a2c39e90264f33305004495a9","hash":"6958cf8ff518ee4ebe2fb6b806c145125c4eb38a"}
,"D:\\NodeJS-Course-2-main\\blog\\src\\controllers\\person.js": {"path":"D:\\NodeJS-Course-2-main\\blog\\src\\controllers\\person.js","statementMap":{"0":{"start":{"line":6,"column":21},"end":{"line":6,"column":24}},"1":{"start":{"line":7,"column":18},"end":{"line":7,"column":77}},"2":{"start":{"line":9,"column":4},"end":{"line":9,"column":19}}},"fnMap":{"0":{"name":"(anonymous_0)","decl":{"start":{"line":5,"column":2},"end":{"line":5,"column":3}},"loc":{"start":{"line":5,"column":24},"end":{"line":10,"column":3}},"line":5}},"branchMap":{},"s":{"0":0,"1":0,"2":0},"f":{"0":0},"b":{},"_coverageSchema":"1a1c01bbd47fc00a2c39e90264f33305004495a9","hash":"f6adcaf66d80a83bbbaca2ad59cde05ff4120640"}
,"D:\\NodeJS-Course-2-main\\blog\\src\\controllers\\admin\\article.js": {"path":"D:\\NodeJS-Course-2-main\\blog\\src\\controllers\\admin\\article.js","statementMap":{"0":{"start":{"line":7,"column":17},"end":{"line":9,"column":6}},"1":{"start":{"line":11,"column":4},"end":{"line":11,"column":18}},"2":{"start":{"line":15,"column":19},"end":{"line":15,"column":29}},"3":{"start":{"line":17,"column":20},"end":{"line":17,"column":66}},"4":{"start":{"line":19,"column":4},"end":{"line":21,"column":5}},"5":{"start":{"line":20,"column":6},"end":{"line":20,"column":50}},"6":{"start":{"line":23,"column":4},"end":{"line":23,"column":21}},"7":{"start":{"line":27,"column":35},"end":{"line":27,"column":43}},"8":{"start":{"line":29,"column":20},"end":{"line":29,"column":76}},"9":{"start":{"line":31,"column":4},"end":{"line":31,"column":24}},"10":{"start":{"line":33,"column":4},"end":{"line":36,"column":6}},"11":{"start":{"line":38,"column":4},"end":{"line":38,"column":21}},"12":{"start":{"line":42,"column":19},"end":{"line":42,"column":29}},"13":{"start":{"line":44,"column":35},"end":{"line":44,"column":43}},"14":{"start":{"line":46,"column":20},"end":{"line":46,"column":43}},"15":{"start":{"line":48,"column":4},"end":{"line":50,"column":5}},"16":{"start":{"line":49,"column":6},"end":{"line":49,"column":50}},"17":{"start":{"line":52,"column":4},"end":{"line":52,"column":25}},"18":{"start":{"line":53,"column":4},"end":{"line":53,"column":23}},"19":{"start":{"line":54,"column":4},"end":{"line":54,"column":25}},"20":{"start":{"line":56,"column":4},"end":{"line":56,"column":24}},"21":{"start":{"line":58,"column":4},"end":{"line":61,"column":6}},"22":{"start":{"line":63,"column":4},"end":{"line":63,"column":21}},"23":{"start":{"line":67,"column":19},"end":{"line":67,"column":29}},"24":{"start":{"line":69,"column":20},"end":{"line":69,"column":43}},"25":{"start":{"line":71,"column":4},"end":{"line":73,"column":5}},"26":{"start":{"line":72,"column":6},"end":{"line":72,"column":50}},"27":{"start":{"line":75,"column":4},"end":{"line":75,"column":26}},"28":{"start":{"line":77,"column":4},"end":{"line":80,"column":6}},"29":{"start":{"line":82,"column":4},"end":{"line":82,"column":21}}},"fnMap":{"0":{"name":"(anonymous_0)","decl":{"start":{"line":6,"column":2},"end":{"line":6,"column":3}},"loc":{"start":{"line":6,"column":24},"end":{"line":12,"column":3}},"line":6},"1":{"name":"(anonymous_1)","decl":{"start":{"line":14,"column":2},"end":{"line":14,"column":3}},"loc":{"start":{"line":14,"column":23},"end":{"line":24,"column":3}},"line":14},"2":{"name":"(anonymous_2)","decl":{"start":{"line":26,"column":2},"end":{"line":26,"column":3}},"loc":{"start":{"line":26,"column":23},"end":{"line":39,"column":3}},"line":26},"3":{"name":"(anonymous_3)","decl":{"start":{"line":41,"column":2},"end":{"line":41,"column":3}},"loc":{"start":{"line":41,"column":26},"end":{"line":64,"column":3}},"line":41},"4":{"name":"(anonymous_4)","decl":{"start":{"line":66,"column":2},"end":{"line":66,"column":3}},"loc":{"start":{"line":66,"column":26},"end":{"line":83,"column":3}},"line":66}},"branchMap":{"0":{"loc":{"start":{"line":19,"column":4},"end":{"line":21,"column":5}},"type":"if","locations":[{"start":{"line":19,"column":4},"end":{"line":21,"column":5}},{"start":{},"end":{}}],"line":19},"1":{"loc":{"start":{"line":48,"column":4},"end":{"line":50,"column":5}},"type":"if","locations":[{"start":{"line":48,"column":4},"end":{"line":50,"column":5}},{"start":{},"end":{}}],"line":48},"2":{"loc":{"start":{"line":71,"column":4},"end":{"line":73,"column":5}},"type":"if","locations":[{"start":{"line":71,"column":4},"end":{"line":73,"column":5}},{"start":{},"end":{}}],"line":71}},"s":{"0":0,"1":0,"2":0,"3":0,"4":0,"5":0,"6":0,"7":0,"8":0,"9":0,"10":0,"11":0,"12":0,"13":0,"14":0,"15":0,"16":0,"17":0,"18":0,"19":0,"20":0,"21":0,"22":0,"23":0,"24":0,"25":0,"26":0,"27":0,"28":0,"29":0},"f":{"0":0,"1":0,"2":0,"3":0,"4":0},"b":{"0":[0,0],"1":[0,0],"2":[0,0]},"_coverageSchema":"1a1c01bbd47fc00a2c39e90264f33305004495a9","hash":"0a2e3983e34d1f12d023b10a2a305873dec65513"}
,"D:\\NodeJS-Course-2-main\\blog\\src\\middlewares\\acl.js": {"path":"D:\\NodeJS-Course-2-main\\blog\\src\\middlewares\\acl.js","statementMap":{"0":{"start":{"line":5,"column":2},"end":{"line":17,"column":3}},"1":{"start":{"line":6,"column":4},"end":{"line":8,"column":5}},"2":{"start":{"line":7,"column":6},"end":{"line":7,"column":34}},"3":{"start":{"line":10,"column":21},"end":{"line":10,"column":29}},"4":{"start":{"line":12,"column":4},"end":{"line":14,"column":5}},"5":{"start":{"line":13,"column":6},"end":{"line":13,"column":19}},"6":{"start":{"line":16,"column":4},"end":{"line":16,"column":30}}},"fnMap":{"0":{"name":"acl","decl":{"start":{"line":4,"column":24},"end":{"line":4,"column":27}},"loc":{"start":{"line":4,"column":39},"end":{"line":18,"column":1}},"line":4},"1":{"name":"(anonymous_1)","decl":{"start":{"line":5,"column":9},"end":{"line":5,"column":10}},"loc":{"start":{"line":5,"column":29},"end":{"line":17,"column":3}},"line":5}},"branchMap":{"0":{"loc":{"start":{"line":6,"column":4},"end":{"line":8,"column":5}},"type":"if","locations":[{"start":{"line":6,"column":4},"end":{"line":8,"column":5}},{"start":{},"end":{}}],"line":6},"1":{"loc":{"start":{"line":12,"column":4},"end":{"line":14,"column":5}},"type":"if","locations":[{"start":{"line":12,"column":4},"end":{"line":14,"column":5}},{"start":{},"end":{}}],"line":12},"2":{"loc":{"start":{"line":12,"column":8},"end":{"line":12,"column":69}},"type":"binary-expr","locations":[{"start":{"line":12,"column":8},"end":{"line":12,"column":25}},{"start":{"line":12,"column":29},"end":{"line":12,"column":69}}],"line":12}},"s":{"0":11,"1":0,"2":0,"3":0,"4":0,"5":0,"6":0},"f":{"0":11,"1":0},"b":{"0":[0,0],"1":[0,0],"2":[0,0]},"_coverageSchema":"1a1c01bbd47fc00a2c39e90264f33305004495a9","hash":"444f1539fd79d3c18ef183a327ea9ffdf5529a68"}
,"D:\\NodeJS-Course-2-main\\blog\\src\\middlewares\\auth.js": {"path":"D:\\NodeJS-Course-2-main\\blog\\src\\middlewares\\auth.js","statementMap":{"0":{"start":{"line":6,"column":2},"end":{"line":24,"column":3}},"1":{"start":{"line":7,"column":18},"end":{"line":7,"column":57}},"2":{"start":{"line":9,"column":4},"end":{"line":20,"column":5}},"3":{"start":{"line":10,"column":6},"end":{"line":19,"column":8}},"4":{"start":{"line":11,"column":8},"end":{"line":13,"column":9}},"5":{"start":{"line":12,"column":10},"end":{"line":12,"column":42}},"6":{"start":{"line":15,"column":8},"end":{"line":18,"column":10}},"7":{"start":{"line":16,"column":10},"end":{"line":16,"column":25}},"8":{"start":{"line":17,"column":10},"end":{"line":17,"column":16}},"9":{"start":{"line":22,"column":4},"end":{"line":22,"column":31}},"10":{"start":{"line":23,"column":4},"end":{"line":23,"column":10}}},"fnMap":{"0":{"name":"(anonymous_0)","decl":{"start":{"line":5,"column":15},"end":{"line":5,"column":16}},"loc":{"start":{"line":5,"column":35},"end":{"line":25,"column":1}},"line":5},"1":{"name":"(anonymous_1)","decl":{"start":{"line":10,"column":48},"end":{"line":10,"column":49}},"loc":{"start":{"line":10,"column":68},"end":{"line":19,"column":7}},"line":10},"2":{"name":"(anonymous_2)","decl":{"start":{"line":15,"column":35},"end":{"line":15,"column":36}},"loc":{"start":{"line":15,"column":43},"end":{"line":18,"column":9}},"line":15}},"branchMap":{"0":{"loc":{"start":{"line":6,"column":2},"end":{"line":24,"column":3}},"type":"if","locations":[{"start":{"line":6,"column":2},"end":{"line":24,"column":3}},{"start":{"line":21,"column":9},"end":{"line":24,"column":3}}],"line":6},"1":{"loc":{"start":{"line":9,"column":4},"end":{"line":20,"column":5}},"type":"if","locations":[{"start":{"line":9,"column":4},"end":{"line":20,"column":5}},{"start":{},"end":{}}],"line":9},"2":{"loc":{"start":{"line":11,"column":8},"end":{"line":13,"column":9}},"type":"if","locations":[{"start":{"line":11,"column":8},"end":{"line":13,"column":9}},{"start":{},"end":{}}],"line":11}},"s":{"0":2,"1":0,"2":0,"3":0,"4":0,"5":0,"6":0,"7":0,"8":0,"9":2,"10":2},"f":{"0":2,"1":0,"2":0},"b":{"0":[0,2],"1":[0,0],"2":[0,0]},"_coverageSchema":"1a1c01bbd47fc00a2c39e90264f33305004495a9","hash":"595d67a450acf78beda2d07a9f0c7b8fe57088d9"}
,"D:\\NodeJS-Course-2-main\\blog\\src\\middlewares\\error-handler.js": {"path":"D:\\NodeJS-Course-2-main\\blog\\src\\middlewares\\error-handler.js","statementMap":{"0":{"start":{"line":5,"column":2},"end":{"line":8,"column":3}},"1":{"start":{"line":6,"column":4},"end":{"line":6,"column":28}},"2":{"start":{"line":7,"column":4},"end":{"line":7,"column":27}},"3":{"start":{"line":10,"column":2},"end":{"line":16,"column":3}},"4":{"start":{"line":11,"column":4},"end":{"line":15,"column":6}},"5":{"start":{"line":18,"column":17},"end":{"line":18,"column":34}},"6":{"start":{"line":20,"column":4},"end":{"line":24,"column":44}},"7":{"start":{"line":26,"column":2},"end":{"line":30,"column":4}},"8":{"start":{"line":32,"column":2},"end":{"line":43,"column":3}},"9":{"start":{"line":33,"column":4},"end":{"line":36,"column":6}},"10":{"start":{"line":38,"column":4},"end":{"line":42,"column":6}}},"fnMap":{"0":{"name":"(anonymous_0)","decl":{"start":{"line":4,"column":15},"end":{"line":4,"column":16}},"loc":{"start":{"line":4,"column":40},"end":{"line":44,"column":1}},"line":4}},"branchMap":{"0":{"loc":{"start":{"line":5,"column":2},"end":{"line":8,"column":3}},"type":"if","locations":[{"start":{"line":5,"column":2},"end":{"line":8,"column":3}},{"start":{},"end":{}}],"line":5},"1":{"loc":{"start":{"line":10,"column":2},"end":{"line":16,"column":3}},"type":"if","locations":[{"start":{"line":10,"column":2},"end":{"line":16,"column":3}},{"start":{},"end":{}}],"line":10},"2":{"loc":{"start":{"line":18,"column":17},"end":{"line":18,"column":34}},"type":"binary-expr","locations":[{"start":{"line":18,"column":17},"end":{"line":18,"column":27}},{"start":{"line":18,"column":31},"end":{"line":18,"column":34}}],"line":18},"3":{"loc":{"start":{"line":20,"column":4},"end":{"line":24,"column":44}},"type":"cond-expr","locations":[{"start":{"line":23,"column":8},"end":{"line":23,"column":19}},{"start":{"line":24,"column":8},"end":{"line":24,"column":44}}],"line":20},"4":{"loc":{"start":{"line":20,"column":4},"end":{"line":22,"column":35}},"type":"binary-expr","locations":[{"start":{"line":20,"column":4},"end":{"line":20,"column":16}},{"start":{"line":21,"column":4},"end":{"line":21,"column":42}},{"start":{"line":22,"column":4},"end":{"line":22,"column":35}}],"line":20},"5":{"loc":{"start":{"line":32,"column":2},"end":{"line":43,"column":3}},"type":"if","locations":[{"start":{"line":32,"column":2},"end":{"line":43,"column":3}},{"start":{"line":37,"column":9},"end":{"line":43,"column":3}}],"line":32}},"s":{"0":0,"1":0,"2":0,"3":0,"4":0,"5":0,"6":0,"7":0,"8":0,"9":0,"10":0},"f":{"0":0},"b":{"0":[0,0],"1":[0,0],"2":[0,0],"3":[0,0],"4":[0,0,0],"5":[0,0]},"_coverageSchema":"1a1c01bbd47fc00a2c39e90264f33305004495a9","hash":"afeeb3883aa3c83fc564dfd5f7ef2f7f30be9be8"}
,"D:\\NodeJS-Course-2-main\\blog\\src\\middlewares\\override-method.js": {"path":"D:\\NodeJS-Course-2-main\\blog\\src\\middlewares\\override-method.js","statementMap":{"0":{"start":{"line":4,"column":2},"end":{"line":15,"column":3}},"1":{"start":{"line":10,"column":19},"end":{"line":10,"column":35}},"2":{"start":{"line":12,"column":4},"end":{"line":12,"column":27}},"3":{"start":{"line":14,"column":4},"end":{"line":14,"column":17}}},"fnMap":{"0":{"name":"(anonymous_0)","decl":{"start":{"line":3,"column":30},"end":{"line":3,"column":31}},"loc":{"start":{"line":3,"column":44},"end":{"line":16,"column":1}},"line":3}},"branchMap":{"0":{"loc":{"start":{"line":4,"column":2},"end":{"line":15,"column":3}},"type":"if","locations":[{"start":{"line":4,"column":2},"end":{"line":15,"column":3}},{"start":{},"end":{}}],"line":4},"1":{"loc":{"start":{"line":5,"column":4},"end":{"line":7,"column":20}},"type":"binary-expr","locations":[{"start":{"line":5,"column":4},"end":{"line":5,"column":25}},{"start":{"line":6,"column":4},"end":{"line":6,"column":32}},{"start":{"line":7,"column":4},"end":{"line":7,"column":20}}],"line":5}},"s":{"0":2,"1":0,"2":0,"3":0},"f":{"0":2},"b":{"0":[0,2],"1":[2,2,2]},"_coverageSchema":"1a1c01bbd47fc00a2c39e90264f33305004495a9","hash":"fe6d3117711d4a1b67f2a76688349bb8f048e92d"}
,"D:\\NodeJS-Course-2-main\\blog\\src\\middlewares\\uploader.js": {"path":"D:\\NodeJS-Course-2-main\\blog\\src\\middlewares\\uploader.js","statementMap":{"0":{"start":{"line":4,"column":16},"end":{"line":9,"column":2}},"1":{"start":{"line":7,"column":4},"end":{"line":7,"column":70}},"2":{"start":{"line":11,"column":25},"end":{"line":11,"column":66}},"3":{"start":{"line":14,"column":2},"end":{"line":14,"column":28}},"4":{"start":{"line":15,"column":2},"end":{"line":19,"column":3}},"5":{"start":{"line":16,"column":4},"end":{"line":16,"column":18}},"6":{"start":{"line":18,"column":4},"end":{"line":18,"column":50}},"7":{"start":{"line":22,"column":17},"end":{"line":28,"column":2}}},"fnMap":{"0":{"name":"(anonymous_0)","decl":{"start":{"line":6,"column":12},"end":{"line":6,"column":13}},"loc":{"start":{"line":6,"column":31},"end":{"line":8,"column":3}},"line":6},"1":{"name":"fileFilter","decl":{"start":{"line":13,"column":9},"end":{"line":13,"column":19}},"loc":{"start":{"line":13,"column":36},"end":{"line":20,"column":1}},"line":13}},"branchMap":{"0":{"loc":{"start":{"line":15,"column":2},"end":{"line":19,"column":3}},"type":"if","locations":[{"start":{"line":15,"column":2},"end":{"line":19,"column":3}},{"start":{"line":17,"column":9},"end":{"line":19,"column":3}}],"line":15}},"s":{"0":1,"1":0,"2":1,"3":0,"4":0,"5":0,"6":0,"7":1},"f":{"0":0,"1":0},"b":{"0":[0,0]},"_coverageSchema":"1a1c01bbd47fc00a2c39e90264f33305004495a9","hash":"1714f32eb82dff071055ea2dedef90373231e29f"}
,"D:\\NodeJS-Course-2-main\\blog\\src\\models\\article.js": {"path":"D:\\NodeJS-Course-2-main\\blog\\src\\models\\article.js","statementMap":{"0":{"start":{"line":7,"column":0},"end":{"line":26,"column":1}},"1":{"start":{"line":28,"column":0},"end":{"line":28,"column":24}},"2":{"start":{"line":29,"column":0},"end":{"line":29,"column":26}}},"fnMap":{},"branchMap":{},"s":{"0":1,"1":1,"2":1},"f":{},"b":{},"_coverageSchema":"1a1c01bbd47fc00a2c39e90264f33305004495a9","hash":"44b36af3a0b039f220a4c5b36831c93f87441b72"}
,"D:\\NodeJS-Course-2-main\\blog\\src\\models\\comment.js": {"path":"D:\\NodeJS-Course-2-main\\blog\\src\\models\\comment.js","statementMap":{"0":{"start":{"line":6,"column":0},"end":{"line":21,"column":1}}},"fnMap":{},"branchMap":{},"s":{"0":1},"f":{},"b":{},"_coverageSchema":"1a1c01bbd47fc00a2c39e90264f33305004495a9","hash":"beb6266e4c90f9cc502b0a866bee6609aca8bafd"}
,"D:\\NodeJS-Course-2-main\\blog\\src\\models\\groupMessage.js": {"path":"D:\\NodeJS-Course-2-main\\blog\\src\\models\\groupMessage.js","statementMap":{"0":{"start":{"line":6,"column":0},"end":{"line":21,"column":1}}},"fnMap":{},"branchMap":{},"s":{"0":1},"f":{},"b":{},"_coverageSchema":"1a1c01bbd47fc00a2c39e90264f33305004495a9","hash":"ea8bb7826bfaaeece83a4d72e701dc602283f3f0"}
,"D:\\NodeJS-Course-2-main\\blog\\src\\models\\message.js": {"path":"D:\\NodeJS-Course-2-main\\blog\\src\\models\\message.js","statementMap":{"0":{"start":{"line":6,"column":0},"end":{"line":28,"column":1}}},"fnMap":{},"branchMap":{},"s":{"0":1},"f":{},"b":{},"_coverageSchema":"1a1c01bbd47fc00a2c39e90264f33305004495a9","hash":"d30e2d6da1089e94c35f69b58d214087a3c78e29"}
,"D:\\NodeJS-Course-2-main\\blog\\src\\models\\user.js": {"path":"D:\\NodeJS-Course-2-main\\blog\\src\\models\\user.js","statementMap":{"0":{"start":{"line":6,"column":0},"end":{"line":40,"column":1}},"1":{"start":{"line":42,"column":0},"end":{"line":42,"column":21}},"2":{"start":{"line":43,"column":0},"end":{"line":43,"column":23}}},"fnMap":{},"branchMap":{},"s":{"0":1,"1":1,"2":1},"f":{},"b":{},"_coverageSchema":"1a1c01bbd47fc00a2c39e90264f33305004495a9","hash":"c85f9222cf82f8de2b6054bf708c1af80922b932"}
,"D:\\NodeJS-Course-2-main\\blog\\src\\routes\\article.js": {"path":"D:\\NodeJS-Course-2-main\\blog\\src\\routes\\article.js","statementMap":{"0":{"start":{"line":4,"column":15},"end":{"line":4,"column":31}},"1":{"start":{"line":6,"column":0},"end":{"line":6,"column":39}},"2":{"start":{"line":7,"column":0},"end":{"line":7,"column":47}}},"fnMap":{},"branchMap":{},"s":{"0":1,"1":1,"2":1},"f":{},"b":{},"_coverageSchema":"1a1c01bbd47fc00a2c39e90264f33305004495a9","hash":"36ef95bc589c348cb95b19212a808b5e475c36a1"}
,"D:\\NodeJS-Course-2-main\\blog\\src\\routes\\auth.js": {"path":"D:\\NodeJS-Course-2-main\\blog\\src\\routes\\auth.js","statementMap":{"0":{"start":{"line":4,"column":15},"end":{"line":4,"column":31}},"1":{"start":{"line":6,"column":0},"end":{"line":6,"column":46}},"2":{"start":{"line":7,"column":0},"end":{"line":7,"column":64}},"3":{"start":{"line":8,"column":0},"end":{"line":8,"column":52}},"4":{"start":{"line":9,"column":0},"end":{"line":9,"column":70}},"5":{"start":{"line":10,"column":0},"end":{"line":10,"column":44}}},"fnMap":{},"branchMap":{},"s":{"0":1,"1":1,"2":1,"3":1,"4":1,"5":1},"f":{},"b":{},"_coverageSchema":"1a1c01bbd47fc00a2c39e90264f33305004495a9","hash":"03975aa98e389d19cb01efca3c48ebf325f3bf2f"}
,"D:\\NodeJS-Course-2-main\\blog\\src\\routes\\comment.js": {"path":"D:\\NodeJS-Course-2-main\\blog\\src\\routes\\comment.js","statementMap":{"0":{"start":{"line":4,"column":15},"end":{"line":4,"column":31}},"1":{"start":{"line":6,"column":0},"end":{"line":6,"column":62}},"2":{"start":{"line":7,"column":0},"end":{"line":7,"column":63}}},"fnMap":{},"branchMap":{},"s":{"0":1,"1":1,"2":1},"f":{},"b":{},"_coverageSchema":"1a1c01bbd47fc00a2c39e90264f33305004495a9","hash":"47d4e4a1137e01d9fbc6e69af165185ebe66055a"}
,"D:\\NodeJS-Course-2-main\\blog\\src\\routes\\general.js": {"path":"D:\\NodeJS-Course-2-main\\blog\\src\\routes\\general.js","statementMap":{"0":{"start":{"line":5,"column":15},"end":{"line":5,"column":31}},"1":{"start":{"line":7,"column":0},"end":{"line":7,"column":21}},"2":{"start":{"line":8,"column":0},"end":{"line":8,"column":27}},"3":{"start":{"line":9,"column":0},"end":{"line":9,"column":31}},"4":{"start":{"line":10,"column":0},"end":{"line":10,"column":38}},"5":{"start":{"line":11,"column":0},"end":{"line":11,"column":48}}},"fnMap":{},"branchMap":{},"s":{"0":1,"1":1,"2":1,"3":1,"4":1,"5":1},"f":{},"b":{},"_coverageSchema":"1a1c01bbd47fc00a2c39e90264f33305004495a9","hash":"70454bff32617629019c3a21ef3a2abd71c691d9"}
,"D:\\NodeJS-Course-2-main\\blog\\src\\routes\\index.js": {"path":"D:\\NodeJS-Course-2-main\\blog\\src\\routes\\index.js","statementMap":{"0":{"start":{"line":9,"column":15},"end":{"line":9,"column":31}},"1":{"start":{"line":11,"column":0},"end":{"line":11,"column":24}},"2":{"start":{"line":12,"column":0},"end":{"line":12,"column":21}},"3":{"start":{"line":13,"column":0},"end":{"line":13,"column":31}},"4":{"start":{"line":14,"column":0},"end":{"line":14,"column":31}},"5":{"start":{"line":15,"column":0},"end":{"line":15,"column":23}},"6":{"start":{"line":17,"column":0},"end":{"line":19,"column":2}},"7":{"start":{"line":18,"column":2},"end":{"line":18,"column":27}}},"fnMap":{"0":{"name":"(anonymous_0)","decl":{"start":{"line":17,"column":16},"end":{"line":17,"column":17}},"loc":{"start":{"line":17,"column":30},"end":{"line":19,"column":1}},"line":17}},"branchMap":{},"s":{"0":1,"1":1,"2":1,"3":1,"4":1,"5":1,"6":1,"7":0},"f":{"0":0},"b":{},"_coverageSchema":"1a1c01bbd47fc00a2c39e90264f33305004495a9","hash":"c0e62019993ad33c9faf5e72b7295cbfa8c74d36"}
,"D:\\NodeJS-Course-2-main\\blog\\src\\routes\\api\\auth.js": {"path":"D:\\NodeJS-Course-2-main\\blog\\src\\routes\\api\\auth.js","statementMap":{"0":{"start":{"line":6,"column":15},"end":{"line":6,"column":31}},"1":{"start":{"line":8,"column":0},"end":{"line":8,"column":60}},"2":{"start":{"line":9,"column":0},"end":{"line":9,"column":40}}},"fnMap":{},"branchMap":{},"s":{"0":1,"1":1,"2":1},"f":{},"b":{},"_coverageSchema":"1a1c01bbd47fc00a2c39e90264f33305004495a9","hash":"be5a6cd50803850727423827df8b5b9a92e0b239"}
,"D:\\NodeJS-Course-2-main\\blog\\src\\routes\\api\\file.js": {"path":"D:\\NodeJS-Course-2-main\\blog\\src\\routes\\api\\file.js","statementMap":{"0":{"start":{"line":6,"column":15},"end":{"line":6,"column":31}},"1":{"start":{"line":8,"column":0},"end":{"line":13,"column":1}}},"fnMap":{},"branchMap":{},"s":{"0":1,"1":1},"f":{},"b":{},"_coverageSchema":"1a1c01bbd47fc00a2c39e90264f33305004495a9","hash":"82db8e4aff5264dfe8732241e704dd734e824e34"}
,"D:\\NodeJS-Course-2-main\\blog\\src\\routes\\api\\groupMessage.js": {"path":"D:\\NodeJS-Course-2-main\\blog\\src\\routes\\api\\groupMessage.js","statementMap":{"0":{"start":{"line":5,"column":15},"end":{"line":5,"column":31}},"1":{"start":{"line":7,"column":0},"end":{"line":7,"column":57}}},"fnMap":{},"branchMap":{},"s":{"0":1,"1":1},"f":{},"b":{},"_coverageSchema":"1a1c01bbd47fc00a2c39e90264f33305004495a9","hash":"6cb93127ecfaa32156f0b65b876dcff1c72c7f4e"}
,"D:\\NodeJS-Course-2-main\\blog\\src\\routes\\api\\index.js": {"path":"D:\\NodeJS-Course-2-main\\blog\\src\\routes\\api\\index.js","statementMap":{"0":{"start":{"line":9,"column":15},"end":{"line":9,"column":31}},"1":{"start":{"line":11,"column":0},"end":{"line":11,"column":27}},"2":{"start":{"line":12,"column":0},"end":{"line":12,"column":25}},"3":{"start":{"line":13,"column":0},"end":{"line":13,"column":29}},"4":{"start":{"line":14,"column":0},"end":{"line":14,"column":31}},"5":{"start":{"line":15,"column":0},"end":{"line":15,"column":41}},"6":{"start":{"line":16,"column":0},"end":{"line":16,"column":21}}},"fnMap":{},"branchMap":{},"s":{"0":1,"1":1,"2":1,"3":1,"4":1,"5":1,"6":1},"f":{},"b":{},"_coverageSchema":"1a1c01bbd47fc00a2c39e90264f33305004495a9","hash":"ac685d2340ac61a023e5c6d338234f8d5338e2e8"}
,"D:\\NodeJS-Course-2-main\\blog\\src\\routes\\api\\message.js": {"path":"D:\\NodeJS-Course-2-main\\blog\\src\\routes\\api\\message.js","statementMap":{"0":{"start":{"line":5,"column":15},"end":{"line":5,"column":31}},"1":{"start":{"line":7,"column":0},"end":{"line":7,"column":52}}},"fnMap":{},"branchMap":{},"s":{"0":1,"1":1},"f":{},"b":{},"_coverageSchema":"1a1c01bbd47fc00a2c39e90264f33305004495a9","hash":"8a717cee6a39a5fb6eccb946090945f1454d9f62"}
,"D:\\NodeJS-Course-2-main\\blog\\src\\routes\\api\\person.js": {"path":"D:\\NodeJS-Course-2-main\\blog\\src\\routes\\api\\person.js","statementMap":{"0":{"start":{"line":5,"column":15},"end":{"line":5,"column":31}},"1":{"start":{"line":7,"column":0},"end":{"line":7,"column":51}}},"fnMap":{},"branchMap":{},"s":{"0":1,"1":1},"f":{},"b":{},"_coverageSchema":"1a1c01bbd47fc00a2c39e90264f33305004495a9","hash":"fde1566771b8ffa1a2eb7edfcfb919d77fd7ca1d"}
,"D:\\NodeJS-Course-2-main\\blog\\src\\routes\\api\\admin\\article.js": {"path":"D:\\NodeJS-Course-2-main\\blog\\src\\routes\\api\\admin\\article.js","statementMap":{"0":{"start":{"line":7,"column":15},"end":{"line":7,"column":31}},"1":{"start":{"line":9,"column":0},"end":{"line":9,"column":54}},"2":{"start":{"line":10,"column":0},"end":{"line":10,"column":62}},"3":{"start":{"line":11,"column":0},"end":{"line":11,"column":72}},"4":{"start":{"line":12,"column":0},"end":{"line":17,"column":1}},"5":{"start":{"line":18,"column":0},"end":{"line":18,"column":67}}},"fnMap":{},"branchMap":{},"s":{"0":1,"1":1,"2":1,"3":1,"4":1,"5":1},"f":{},"b":{},"_coverageSchema":"1a1c01bbd47fc00a2c39e90264f33305004495a9","hash":"a841c1790788a5ac51525a99cc9dd635efc9f5a7"}
,"D:\\NodeJS-Course-2-main\\blog\\src\\routes\\api\\admin\\index.js": {"path":"D:\\NodeJS-Course-2-main\\blog\\src\\routes\\api\\admin\\index.js","statementMap":{"0":{"start":{"line":4,"column":15},"end":{"line":4,"column":31}},"1":{"start":{"line":6,"column":0},"end":{"line":6,"column":31}}},"fnMap":{},"branchMap":{},"s":{"0":1,"1":1},"f":{},"b":{},"_coverageSchema":"1a1c01bbd47fc00a2c39e90264f33305004495a9","hash":"a0d412619797157c69f8e94b3e927fbeac0471a2"}
,"D:\\NodeJS-Course-2-main\\blog\\src\\utils\\errors.js": {"path":"D:\\NodeJS-Course-2-main\\blog\\src\\utils\\errors.js","statementMap":{"0":{"start":{"line":2,"column":11},"end":{"line":2,"column":14}},"1":{"start":{"line":5,"column":4},"end":{"line":5,"column":18}},"2":{"start":{"line":10,"column":11},"end":{"line":10,"column":14}},"3":{"start":{"line":13,"column":4},"end":{"line":13,"column":18}},"4":{"start":{"line":18,"column":11},"end":{"line":18,"column":14}},"5":{"start":{"line":21,"column":4},"end":{"line":21,"column":18}},"6":{"start":{"line":26,"column":11},"end":{"line":26,"column":14}},"7":{"start":{"line":29,"column":4},"end":{"line":29,"column":18}}},"fnMap":{"0":{"name":"(anonymous_0)","decl":{"start":{"line":4,"column":2},"end":{"line":4,"column":3}},"loc":{"start":{"line":4,"column":40},"end":{"line":6,"column":3}},"line":4},"1":{"name":"(anonymous_1)","decl":{"start":{"line":12,"column":2},"end":{"line":12,"column":3}},"loc":{"start":{"line":12,"column":40},"end":{"line":14,"column":3}},"line":12},"2":{"name":"(anonymous_2)","decl":{"start":{"line":20,"column":2},"end":{"line":20,"column":3}},"loc":{"start":{"line":20,"column":38},"end":{"line":22,"column":3}},"line":20},"3":{"name":"(anonymous_3)","decl":{"start":{"line":28,"column":2},"end":{"line":28,"column":3}},"loc":{"start":{"line":28,"column":38},"end":{"line":30,"column":3}},"line":28}},"branchMap":{"0":{"loc":{"start":{"line":4,"column":15},"end":{"line":4,"column":38}},"type":"default-arg","locations":[{"start":{"line":4,"column":25},"end":{"line":4,"column":38}}],"line":4},"1":{"loc":{"start":{"line":12,"column":15},"end":{"line":12,"column":38}},"type":"default-arg","locations":[{"start":{"line":12,"column":25},"end":{"line":12,"column":38}}],"line":12},"2":{"loc":{"start":{"line":20,"column":15},"end":{"line":20,"column":36}},"type":"default-arg","locations":[{"start":{"line":20,"column":25},"end":{"line":20,"column":36}}],"line":20},"3":{"loc":{"start":{"line":28,"column":15},"end":{"line":28,"column":36}},"type":"default-arg","locations":[{"start":{"line":28,"column":25},"end":{"line":28,"column":36}}],"line":28}},"s":{"0":0,"1":0,"2":0,"3":0,"4":0,"5":0,"6":0,"7":0},"f":{"0":0,"1":0,"2":0,"3":0},"b":{"0":[0],"1":[0],"2":[0],"3":[0]},"_coverageSchema":"1a1c01bbd47fc00a2c39e90264f33305004495a9","hash":"681a4fa72267f18dbc3dfda990a265b70c5cd340"}
,"D:\\NodeJS-Course-2-main\\blog\\src\\utils\\logger.js": {"path":"D:\\NodeJS-Course-2-main\\blog\\src\\utils\\logger.js","statementMap":{"0":{"start":{"line":4,"column":30},"end":{"line":10,"column":2}},"1":{"start":{"line":12,"column":22},"end":{"line":19,"column":2}},"2":{"start":{"line":22,"column":2},"end":{"line":22,"column":43}}},"fnMap":{"0":{"name":"log","decl":{"start":{"line":21,"column":9},"end":{"line":21,"column":12}},"loc":{"start":{"line":21,"column":23},"end":{"line":23,"column":1}},"line":21}},"branchMap":{},"s":{"0":1,"1":1,"2":0},"f":{"0":0},"b":{},"_coverageSchema":"1a1c01bbd47fc00a2c39e90264f33305004495a9","hash":"e1b7e09f6263f200cfe2b25029b1a542d5ca3fca"}
,"D:\\NodeJS-Course-2-main\\blog\\src\\validators\\article.js": {"path":"D:\\NodeJS-Course-2-main\\blog\\src\\validators\\article.js","statementMap":{"0":{"start":{"line":1,"column":29},"end":{"line":22,"column":1}}},"fnMap":{},"branchMap":{},"s":{"0":1},"f":{},"b":{},"_coverageSchema":"1a1c01bbd47fc00a2c39e90264f33305004495a9","hash":"df121d34d7b8a41d353ad73a90075c248483ebcd"}
,"D:\\NodeJS-Course-2-main\\blog\\src\\validators\\login.js": {"path":"D:\\NodeJS-Course-2-main\\blog\\src\\validators\\login.js","statementMap":{"0":{"start":{"line":1,"column":27},"end":{"line":15,"column":1}}},"fnMap":{},"branchMap":{},"s":{"0":1},"f":{},"b":{},"_coverageSchema":"1a1c01bbd47fc00a2c39e90264f33305004495a9","hash":"340aae4be7f3d238800d2ebc397868cec4b207df"}
}
